<?xml version="1.0" encoding="UTF-8"?>
<testng-results skipped="0" failed="0" total="2" passed="2">
  <reporter-output>
  </reporter-output>
  <suite name="Default suite" duration-ms="22985" started-at="2017-09-24T00:14:13Z" finished-at="2017-09-24T00:14:36Z">
    <groups>
    </groups>
    <test name="Default test" duration-ms="22985" started-at="2017-09-24T00:14:13Z" finished-at="2017-09-24T00:14:36Z">
      <class name="com.webtest.TestLoginPage">
        <test-method status="PASS" signature="beforeMethod()[pri:0, instance:com.webtest.TestLoginPage@6a6cb05c]" name="beforeMethod" is-config="true" duration-ms="4608" started-at="2017-09-24T08:14:13Z" finished-at="2017-09-24T08:14:17Z">
          <reporter-output>
          </reporter-output>
        </test-method> <!-- beforeMethod -->
        <test-method status="PASS" signature="test_login_page_01()[pri:0, instance:com.webtest.TestLoginPage@6a6cb05c]" name="test_login_page_01" duration-ms="13809" started-at="2017-09-24T08:14:17Z" finished-at="2017-09-24T08:14:31Z">
          <reporter-output>
          </reporter-output>
        </test-method> <!-- test_login_page_01 -->
        <test-method status="PASS" signature="afterMethod()[pri:0, instance:com.webtest.TestLoginPage@6a6cb05c]" name="afterMethod" is-config="true" duration-ms="766" started-at="2017-09-24T08:14:31Z" finished-at="2017-09-24T08:14:32Z">
          <reporter-output>
          </reporter-output>
        </test-method> <!-- afterMethod -->
        <test-method status="PASS" signature="beforeMethod()[pri:0, instance:com.webtest.TestLoginPage@6a6cb05c]" name="beforeMethod" is-config="true" duration-ms="2610" started-at="2017-09-24T08:14:32Z" finished-at="2017-09-24T08:14:34Z">
          <reporter-output>
          </reporter-output>
        </test-method> <!-- beforeMethod -->
        <test-method status="PASS" signature="test_login_page_02()[pri:0, instance:com.webtest.TestLoginPage@6a6cb05c]" name="test_login_page_02" duration-ms="867" started-at="2017-09-24T08:14:34Z" finished-at="2017-09-24T08:14:35Z">
          <reporter-output>
          </reporter-output>
        </test-method> <!-- test_login_page_02 -->
        <test-method status="PASS" signature="afterMethod()[pri:0, instance:com.webtest.TestLoginPage@6a6cb05c]" name="afterMethod" is-config="true" duration-ms="301" started-at="2017-09-24T08:14:35Z" finished-at="2017-09-24T08:14:36Z">
          <reporter-output>
          </reporter-output>
        </test-method> <!-- afterMethod -->
      </class> <!-- com.webtest.TestLoginPage -->
    </test> <!-- Default test -->
  </suite> <!-- Default suite -->
</testng-results>
